<?xml version="1.0" encoding="UTF-8"?>
<!-- Generated by org.testng.reporters.JUnitXMLReporter -->
<testsuite hostname="DESKTOP-IVH825I" ignored="0" name="Default test" tests="4" failures="0" timestamp="2023-08-23T11:34:14 IST" time="16.76" errors="0">
  <testcase name="testcreateUser" time="8.23" classname="API_testcase.TestUser"/>
  <testcase name="testGetUser" time="2.385" classname="API_testcase.TestUser"/>
  <testcase name="testputUser" time="3.828" classname="API_testcase.TestUser"/>
  <testcase name="testDeleteUser" time="1.646" classname="API_testcase.TestUser"/>
</testsuite> <!-- Default test -->
